Apache Maven 3.9.16 (2bdd9fddda4b155ebf8000e807eb73fd829a51d5)
Maven home: /opt/apache-maven-3.9.16
Java version: 21.0.11, vendor: Ubuntu, runtime: /usr/lib/jvm/java-21-openjdk-amd64
Default locale: en, platform encoding: UTF-8
OS name: "linux", version: "6.8.0-134-generic", arch: "amd64", family: "unix"
[DEBUG] Created new class realm maven.api
[DEBUG] Importing foreign packages into class realm maven.api
[DEBUG]   Imported: javax.annotation.* < plexus.core
[DEBUG]   Imported: javax.annotation.security.* < plexus.core
[DEBUG]   Imported: javax.inject.* < plexus.core
[DEBUG]   Imported: org.apache.maven.* < plexus.core
[DEBUG]   Imported: org.apache.maven.artifact < plexus.core
[DEBUG]   Imported: org.apache.maven.classrealm < plexus.core
[DEBUG]   Imported: org.apache.maven.cli < plexus.core
[DEBUG]   Imported: org.apache.maven.configuration < plexus.core
[DEBUG]   Imported: org.apache.maven.exception < plexus.core
[DEBUG]   Imported: org.apache.maven.execution < plexus.core
[DEBUG]   Imported: org.apache.maven.execution.scope < plexus.core
[DEBUG]   Imported: org.apache.maven.graph < plexus.core
[DEBUG]   Imported: org.apache.maven.lifecycle < plexus.core
[DEBUG]   Imported: org.apache.maven.model < plexus.core
[DEBUG]   Imported: org.apache.maven.monitor < plexus.core
[DEBUG]   Imported: org.apache.maven.plugin < plexus.core
[DEBUG]   Imported: org.apache.maven.profiles < plexus.core
[DEBUG]   Imported: org.apache.maven.project < plexus.core
[DEBUG]   Imported: org.apache.maven.reporting < plexus.core
[DEBUG]   Imported: org.apache.maven.repository < plexus.core
[DEBUG]   Imported: org.apache.maven.rtinfo < plexus.core
[DEBUG]   Imported: org.apache.maven.settings < plexus.core
[DEBUG]   Imported: org.apache.maven.toolchain < plexus.core
[DEBUG]   Imported: org.apache.maven.usability < plexus.core
[DEBUG]   Imported: org.apache.maven.wagon.* < plexus.core
[DEBUG]   Imported: org.apache.maven.wagon.authentication < plexus.core
[DEBUG]   Imported: org.apache.maven.wagon.authorization < plexus.core
[DEBUG]   Imported: org.apache.maven.wagon.events < plexus.core
[DEBUG]   Imported: org.apache.maven.wagon.observers < plexus.core
[DEBUG]   Imported: org.apache.maven.wagon.proxy < plexus.core
[DEBUG]   Imported: org.apache.maven.wagon.repository < plexus.core
[DEBUG]   Imported: org.apache.maven.wagon.resource < plexus.core
[DEBUG]   Imported: org.codehaus.classworlds < plexus.core
[DEBUG]   Imported: org.codehaus.plexus.* < plexus.core
[DEBUG]   Imported: org.codehaus.plexus.classworlds < plexus.core
[DEBUG]   Imported: org.codehaus.plexus.component < plexus.core
[DEBUG]   Imported: org.codehaus.plexus.configuration < plexus.core
[DEBUG]   Imported: org.codehaus.plexus.container < plexus.core
[DEBUG]   Imported: org.codehaus.plexus.context < plexus.core
[DEBUG]   Imported: org.codehaus.plexus.lifecycle < plexus.core
[DEBUG]   Imported: org.codehaus.plexus.logging < plexus.core
[DEBUG]   Imported: org.codehaus.plexus.personality < plexus.core
[DEBUG]   Imported: org.codehaus.plexus.util.xml.Xpp3Dom < plexus.core
[DEBUG]   Imported: org.codehaus.plexus.util.xml.pull.XmlPullParser < plexus.core
[DEBUG]   Imported: org.codehaus.plexus.util.xml.pull.XmlPullParserException < plexus.core
[DEBUG]   Imported: org.codehaus.plexus.util.xml.pull.XmlSerializer < plexus.core
[DEBUG]   Imported: org.eclipse.aether.* < plexus.core
[DEBUG]   Imported: org.eclipse.aether.artifact < plexus.core
[DEBUG]   Imported: org.eclipse.aether.collection < plexus.core
[DEBUG]   Imported: org.eclipse.aether.deployment < plexus.core
[DEBUG]   Imported: org.eclipse.aether.graph < plexus.core
[DEBUG]   Imported: org.eclipse.aether.impl < plexus.core
[DEBUG]   Imported: org.eclipse.aether.installation < plexus.core
[DEBUG]   Imported: org.eclipse.aether.internal.impl < plexus.core
[DEBUG]   Imported: org.eclipse.aether.metadata < plexus.core
[DEBUG]   Imported: org.eclipse.aether.repository < plexus.core
[DEBUG]   Imported: org.eclipse.aether.resolution < plexus.core
[DEBUG]   Imported: org.eclipse.aether.spi < plexus.core
[DEBUG]   Imported: org.eclipse.aether.transfer < plexus.core
[DEBUG]   Imported: org.eclipse.aether.util < plexus.core
[DEBUG]   Imported: org.eclipse.aether.version < plexus.core
[DEBUG]   Imported: org.fusesource.jansi.* < plexus.core
[DEBUG]   Imported: org.slf4j.* < plexus.core
[DEBUG]   Imported: org.slf4j.event.* < plexus.core
[DEBUG]   Imported: org.slf4j.helpers.* < plexus.core
[DEBUG]   Imported: org.slf4j.spi.* < plexus.core
[DEBUG] Populating class realm maven.api
[DEBUG] Created adapter factory; available factories [file-lock, rwlock-local, semaphore-local, noop]; available name mappers [discriminating, file-gaecv, file-gav, file-hgaecv, file-hgav, file-static, gaecv, gav, static]
[INFO] Error stacktraces are turned on.
[DEBUG] Message scheme: color
[DEBUG] Message styles: debug info warning error success failure strong mojo project
[DEBUG] Reading global settings from /opt/apache-maven-3.9.16/conf/settings.xml
[DEBUG] Reading user settings from /home/ubuntu/.m2/settings.xml
[DEBUG] Reading global toolchains from /opt/apache-maven-3.9.16/conf/toolchains.xml
[DEBUG] Reading user toolchains from /home/ubuntu/.m2/toolchains.xml
[DEBUG] Using local repository at /home/ubuntu/.m2/repository
[DEBUG] Using manager EnhancedLocalRepositoryManager with priority 10.0 for /home/ubuntu/.m2/repository
[INFO] Scanning for projects...
[DEBUG] Creating adapter using nameMapper 'gaecv' and factory 'rwlock-local'
[DEBUG] Using mirror maven-default-http-blocker (http://0.0.0.0/) for apache.snapshots (http://repository.apache.org/snapshots).
[DEBUG] Dependency collection stats {ConflictMarker.analyzeTime=3316358, ConflictMarker.markTime=841994, ConflictMarker.nodeCount=1070, ConflictIdSorter.graphTime=1409369, ConflictIdSorter.topsortTime=448715, ConflictIdSorter.conflictIdCount=150, ConflictIdSorter.conflictIdCycleCount=0, ConflictResolver.totalTime=14894282, ConflictResolver.conflictItemCount=332, DfDependencyCollector.collectTime=904865215, DfDependencyCollector.transformTime=22784796}
[DEBUG] com.redhat.quarkus.platform:quarkus-maven-plugin:jar:3.15.7.redhat-00001
[DEBUG]    io.quarkus:quarkus-bootstrap-core:jar:3.15.7.redhat-00001:compile
[DEBUG]       io.quarkus:quarkus-classloader-commons:jar:3.15.7.redhat-00001:compile (version managed from default)
[DEBUG]       io.quarkus:quarkus-bootstrap-app-model:jar:3.15.7.redhat-00001:compile (version managed from default)
[DEBUG]          org.jboss.logging:commons-logging-jboss-logging:jar:1.0.0.Final-redhat-1:runtime (version managed from default)
[DEBUG]       io.smallrye.common:smallrye-common-io:jar:2.6.1.redhat-00001:compile (version managed from default)
[DEBUG]    io.quarkus:quarkus-bootstrap-maven-resolver:jar:3.15.7.redhat-00001:compile
[DEBUG]       io.smallrye.beanbag:smallrye-beanbag-maven:jar:1.5.2.redhat-00001:compile (version managed from default) (exclusions managed from default)
[DEBUG]          io.smallrye.beanbag:smallrye-beanbag-sisu:jar:1.5.2.redhat-00001:compile
[DEBUG]             io.smallrye.beanbag:smallrye-beanbag:jar:1.5.2.redhat-00001:compile
[DEBUG]          io.smallrye.common:smallrye-common-constraint:jar:2.6.1.redhat-00001:compile (version managed from default)
[DEBUG]          commons-codec:commons-codec:jar:1.17.1.redhat-00002:compile (version managed from default)
[DEBUG]          org.apache.httpcomponents:httpclient:jar:4.5.14.redhat-00016:compile (version managed from default) (exclusions managed from default)
[DEBUG]          org.apache.httpcomponents:httpcore:jar:4.4.16.redhat-00011:compile (version managed from default)
[DEBUG]          org.apache.maven:maven-artifact:jar:3.9.8.redhat-00002:compile (version managed from default)
[DEBUG]          org.apache.maven:maven-builder-support:jar:3.9.8.redhat-00002:compile (version managed from default)
[DEBUG]          org.apache.maven:maven-model:jar:3.9.8.redhat-00002:compile (version managed from default)
[DEBUG]          org.apache.maven:maven-model-builder:jar:3.9.8.redhat-00002:compile (version managed from default) (exclusions managed from default)
[DEBUG]          org.apache.maven:maven-repository-metadata:jar:3.9.8.redhat-00002:compile (version managed from default)
[DEBUG]          org.apache.maven:maven-settings:jar:3.9.8.redhat-00002:compile (version managed from default)
[DEBUG]          org.codehaus.plexus:plexus-interpolation:jar:1.26.0.redhat-00006:compile (version managed from default)
[DEBUG]          org.codehaus.plexus:plexus-xml:jar:4.0.1:compile
[DEBUG]             org.apache.maven:maven-xml-impl:jar:4.0.0-alpha-5:compile
[DEBUG]                org.apache.maven:maven-api-xml:jar:4.0.0-alpha-5:compile
[DEBUG]                   org.apache.maven:maven-api-meta:jar:4.0.0-alpha-5:compile
[DEBUG]          org.codehaus.plexus:plexus-cipher:jar:2.0.0.redhat-00006:compile (version managed from default)
[DEBUG]          org.codehaus.plexus:plexus-sec-dispatcher:jar:2.0.0.redhat-00005:compile (version managed from default)
[DEBUG]       io.quarkus:quarkus-fs-util:jar:0.0.10.redhat-00001:compile (version managed from default)
[DEBUG]       org.jboss.logmanager:jboss-logmanager:jar:3.1.1.Final-redhat-00001:compile (version managed from default) (exclusions managed from default)
[DEBUG]          io.smallrye.common:smallrye-common-cpu:jar:2.6.1.redhat-00001:compile (version managed from default)
[DEBUG]          io.smallrye.common:smallrye-common-expression:jar:2.6.1.redhat-00001:compile (version managed from default)
[DEBUG]             io.smallrye.common:smallrye-common-function:jar:2.6.1.redhat-00001:compile (version managed from default)
[DEBUG]          io.smallrye.common:smallrye-common-net:jar:2.6.1.redhat-00001:compile (version managed from default)
[DEBUG]          io.smallrye.common:smallrye-common-ref:jar:2.6.1.redhat-00001:compile (version managed from default)
[DEBUG]       org.jboss.logging:jboss-logging:jar:3.6.0.Final-redhat-00001:compile (version managed from default)
[DEBUG]       org.slf4j:slf4j-api:jar:2.0.7.redhat-00003:compile (version managed from default)
[DEBUG]       org.apache.maven:maven-embedder:jar:3.9.8.redhat-00002:compile (version managed from default) (exclusions managed from default)
[DEBUG]          org.apache.maven.shared:maven-shared-utils:jar:3.4.2:compile (version managed from default)
[DEBUG]          com.google.inject:guice:jar:5.1.0:compile
[DEBUG]             aopalliance:aopalliance:jar:1.0:compile
[DEBUG]          com.google.guava:guava:jar:33.2.1.jre-redhat-00001:compile (version managed from default)
[DEBUG]          com.google.guava:failureaccess:jar:1.0.1.redhat-00013:compile (version managed from default)
[DEBUG]          javax.annotation:javax.annotation-api:jar:1.3.2.redhat-00003:compile (version managed from default)
[DEBUG]          org.codehaus.plexus:plexus-classworlds:jar:2.6.0:compile (version managed from default) (exclusions managed from default)
[DEBUG]          commons-cli:commons-cli:jar:1.8.0:compile
[DEBUG]       org.eclipse.sisu:org.eclipse.sisu.plexus:jar:0.9.0.M3:compile (version managed from default) (exclusions managed from default)
[DEBUG]       org.apache.maven:maven-settings-builder:jar:3.9.8.redhat-00002:compile (version managed from default) (exclusions managed from default)
[DEBUG]       org.apache.maven:maven-resolver-provider:jar:3.9.8.redhat-00002:compile (version managed from default) (exclusions managed from default)
[DEBUG]    io.quarkus:quarkus-core-deployment:jar:3.15.7.redhat-00001:compile
[DEBUG]       org.aesh:readline:jar:2.6.0.redhat-00001:compile (version managed from default)
[DEBUG]          org.fusesource.jansi:jansi:jar:2.4.0.redhat-00003:compile (version managed from default)
[DEBUG]       org.aesh:aesh:jar:2.8.2.redhat-00001:compile (version managed from default)
[DEBUG]       org.apache.commons:commons-lang3:jar:3.14.0.redhat-00007:compile (version managed from default)
[DEBUG]       org.wildfly.common:wildfly-common:jar:1.7.0.Final-redhat-00003:compile (version managed from default)
[DEBUG]       io.quarkus.gizmo:gizmo:jar:1.8.0.redhat-00001:compile (version managed from default)
[DEBUG]          org.ow2.asm:asm-util:jar:9.7.0.redhat-00001:compile (version managed from default)
[DEBUG]             org.ow2.asm:asm-analysis:jar:9.7.0.redhat-00001:compile (version managed from default)
[DEBUG]       io.smallrye:jandex:jar:3.2.3.redhat-00001:compile (version managed from default)
[DEBUG]       org.ow2.asm:asm:jar:9.7.0.redhat-00001:compile (version managed from default)
[DEBUG]       org.ow2.asm:asm-commons:jar:9.7.0.redhat-00001:compile (version managed from default)
[DEBUG]          org.ow2.asm:asm-tree:jar:9.7.0.redhat-00001:compile (version managed from default)
[DEBUG]       io.quarkus:quarkus-development-mode-spi:jar:3.15.7.redhat-00001:compile (version managed from default)
[DEBUG]       io.quarkus:quarkus-hibernate-validator-spi:jar:3.15.7.redhat-00001:compile (version managed from default)
[DEBUG]       io.quarkus:quarkus-class-change-agent:jar:3.15.7.redhat-00001:compile (version managed from default)
[DEBUG]       io.quarkus:quarkus-devtools-utilities:jar:3.15.7.redhat-00001:compile (version managed from default)
[DEBUG]       org.eclipse.sisu:org.eclipse.sisu.inject:jar:0.9.0.M3:compile (version managed from default)
[DEBUG]       io.quarkus:quarkus-core:jar:3.15.7.redhat-00001:compile (version managed from default)
[DEBUG]          jakarta.annotation:jakarta.annotation-api:jar:3.0.0.redhat-00003:compile (version managed from default)
[DEBUG]          jakarta.inject:jakarta.inject-api:jar:2.0.1.redhat-00007:compile (version managed from default)
[DEBUG]          io.smallrye.config:smallrye-config:jar:3.9.1.redhat-00001:compile (version managed from default) (exclusions managed from default)
[DEBUG]             io.smallrye.config:smallrye-config-core:jar:3.9.1.redhat-00001:compile (version managed from default)
[DEBUG]                org.eclipse.microprofile.config:microprofile-config-api:jar:3.1.0.redhat-00002:compile (version managed from default) (exclusions managed from default)
[DEBUG]                io.smallrye.common:smallrye-common-annotation:jar:2.6.1.redhat-00001:compile (version managed from default)
[DEBUG]                io.smallrye.common:smallrye-common-classloader:jar:2.6.1.redhat-00001:compile (version managed from default)
[DEBUG]                io.smallrye.config:smallrye-config-common:jar:3.9.1.redhat-00001:compile (version managed from default)
[DEBUG]          org.jboss.logging:jboss-logging-annotations:jar:3.0.1.Final-redhat-00001:compile (version managed from default)
[DEBUG]          org.jboss.threads:jboss-threads:jar:3.6.1.Final-redhat-00001:compile (version managed from default)
[DEBUG]          io.quarkus:quarkus-bootstrap-runner:jar:3.15.7.redhat-00001:compile (version managed from default)
[DEBUG]             io.github.crac:org-crac:jar:0.1.3.redhat-00002:compile (version managed from default)
[DEBUG]       io.quarkus:quarkus-builder:jar:3.15.7.redhat-00001:compile (version managed from default)
[DEBUG]       org.graalvm.sdk:nativeimage:jar:23.1.2.0-3-redhat-00001:compile (version managed from default)
[DEBUG]          org.graalvm.sdk:word:jar:23.1.2.0-3-redhat-00001:compile
[DEBUG]       org.junit.platform:junit-platform-launcher:jar:1.10.3:compile (version managed from default)
[DEBUG]          org.junit.platform:junit-platform-engine:jar:1.10.3:compile (version managed from default)
[DEBUG]             org.opentest4j:opentest4j:jar:1.3.0:compile
[DEBUG]             org.junit.platform:junit-platform-commons:jar:1.10.3:compile (version managed from default)
[DEBUG]          org.apiguardian:apiguardian-api:jar:1.1.2:compile
[DEBUG]       org.junit.jupiter:junit-jupiter:jar:5.10.3:compile (version managed from default)
[DEBUG]          org.junit.jupiter:junit-jupiter-api:jar:5.10.3:compile (version managed from default)
[DEBUG]          org.junit.jupiter:junit-jupiter-params:jar:5.10.3:compile (version managed from default)
[DEBUG]          org.junit.jupiter:junit-jupiter-engine:jar:5.10.3:runtime (version managed from default)
[DEBUG]    io.quarkus:quarkus-project-core-extension-codestarts:jar:3.15.7.redhat-00001:compile
[DEBUG]    io.quarkus:quarkus-devtools-common:jar:3.15.7.redhat-00001:compile
[DEBUG]       io.quarkus:quarkus-devtools-registry-client:jar:3.15.7.redhat-00001:compile (version managed from default)
[DEBUG]       io.quarkus:quarkus-devtools-base-codestarts:jar:3.15.7.redhat-00001:compile
[DEBUG]       io.quarkus:quarkus-devtools-codestarts:jar:3.15.7.redhat-00001:compile
[DEBUG]          io.quarkus.qute:qute-core:jar:3.15.7.redhat-00001:compile (version managed from default)
[DEBUG]             io.smallrye.reactive:mutiny:jar:2.9.4.redhat-00001:compile (version managed from default)
[DEBUG]                org.jctools:jctools-core:jar:4.0.5.redhat-00002:compile (version managed from default)
[DEBUG]          commons-io:commons-io:jar:2.16.1.redhat-00002:compile (version managed from default)
[DEBUG]       org.apache.commons:commons-compress:jar:1.27.0.redhat-00002:compile (version managed from default)
[DEBUG]       io.smallrye.common:smallrye-common-version:jar:2.6.1.redhat-00001:compile (version managed from default)
[DEBUG]       io.smallrye.common:smallrye-common-os:jar:2.6.1.redhat-00001:compile (version managed from default)
[DEBUG]       io.fabric8:maven-model-helper:jar:37.0.0.redhat-00003:compile
[DEBUG]          org.jdom:jdom2:jar:2.0.6.1:compile
[DEBUG]       com.fasterxml.jackson.dataformat:jackson-dataformat-yaml:jar:2.17.2.redhat-00004:compile (version managed from default)
[DEBUG]          org.yaml:snakeyaml:jar:2.2.0.redhat-00001:compile (version managed from default)
[DEBUG]       com.fasterxml.jackson.datatype:jackson-datatype-jdk8:jar:2.17.2.redhat-00004:compile (version managed from default)
[DEBUG]       org.apache.maven:maven-plugin-api:jar:3.9.8.redhat-00002:compile (version managed from default)
[DEBUG]       org.apache.maven:maven-core:jar:3.9.8.redhat-00002:compile (version managed from default) (exclusions managed from default)
[DEBUG]          org.apache.maven.resolver:maven-resolver-impl:jar:1.9.22.redhat-00001:compile (version managed from default)
[DEBUG]             org.apache.maven.resolver:maven-resolver-named-locks:jar:1.9.22.redhat-00001:compile
[DEBUG]          org.apache.maven.resolver:maven-resolver-api:jar:1.9.22.redhat-00001:compile (version managed from default)
[DEBUG]          org.apache.maven.resolver:maven-resolver-spi:jar:1.9.22.redhat-00001:compile (version managed from default)
[DEBUG]          org.apache.maven.resolver:maven-resolver-util:jar:1.9.22.redhat-00001:compile (version managed from default)
[DEBUG]          org.codehaus.plexus:plexus-component-annotations:jar:2.1.0:compile (version managed from default)
[DEBUG]       jakarta.enterprise:jakarta.enterprise.cdi-api:jar:4.1.0.redhat-00001:compile (version managed from default)
[DEBUG]          jakarta.enterprise:jakarta.enterprise.lang-model:jar:4.1.0.redhat-00001:compile
[DEBUG]          jakarta.el:jakarta.el-api:jar:5.0.1.redhat-00003:compile (version managed from default)
[DEBUG]          jakarta.interceptor:jakarta.interceptor-api:jar:2.2.0.redhat-00001:compile (version managed from default) (exclusions managed from default)
[DEBUG]       org.codejive:java-properties:jar:0.0.7.redhat-00002:compile
[DEBUG]    io.quarkus:quarkus-analytics-common:jar:3.15.7.redhat-00001:compile
[DEBUG]       com.fasterxml.jackson.datatype:jackson-datatype-jsr310:jar:2.17.2.redhat-00004:compile (version managed from default)
[DEBUG]       io.quarkus:quarkus-devtools-message-writer:jar:3.15.7.redhat-00001:compile
[DEBUG]    io.quarkus:quarkus-cyclonedx-generator:jar:3.15.7.redhat-00001:compile
[DEBUG]       org.cyclonedx:cyclonedx-core-java:jar:9.0.5.redhat-00003:compile (version managed from default)
[DEBUG]          org.apache.commons:commons-collections4:jar:4.4.0.redhat-00003:compile
[DEBUG]          com.github.package-url:packageurl-java:jar:1.5.0.redhat-00001:compile
[DEBUG]          com.fasterxml.jackson.dataformat:jackson-dataformat-xml:jar:2.17.2.redhat-00004:compile (version managed from default)
[DEBUG]             org.codehaus.woodstox:stax2-api:jar:4.2.2.redhat-00001:compile
[DEBUG]             com.fasterxml.woodstox:woodstox-core:jar:6.7.0:compile
[DEBUG]          com.networknt:json-schema-validator:jar:1.5.1.redhat-00001:compile
[DEBUG]             com.ethlo.time:itu:jar:1.10.2.redhat-00001:compile
[DEBUG]    javax.inject:javax.inject:jar:1.0.0.redhat-00017:compile
[DEBUG]    org.freemarker:freemarker:jar:2.3.33:compile
[DEBUG]    org.eclipse.parsson:parsson:jar:1.1.7.redhat-00003:compile
[DEBUG]       jakarta.json:jakarta.json-api:jar:2.1.3.redhat-00002:compile (version managed from default)
[DEBUG]    com.fasterxml.jackson.core:jackson-databind:jar:2.17.2.redhat-00004:compile
[DEBUG]       com.fasterxml.jackson.core:jackson-annotations:jar:2.17.2.redhat-00004:compile (version managed from default)
[DEBUG]       com.fasterxml.jackson.core:jackson-core:jar:2.17.2.redhat-00004:compile (version managed from default)
[DEBUG]    org.twdata.maven:mojo-executor:jar:2.4.0.redhat-00001:compile
[DEBUG]       org.codehaus.plexus:plexus-utils:jar:3.5.1.redhat-00002:compile (version managed from default)
[DEBUG]    org.jboss.slf4j:slf4j-jboss-logmanager:jar:2.0.0.Final-redhat-00001:compile
[DEBUG] Created new class realm extension>com.redhat.quarkus.platform:quarkus-maven-plugin:3.15.7.redhat-00001
[DEBUG] Importing foreign packages into class realm extension>com.redhat.quarkus.platform:quarkus-maven-plugin:3.15.7.redhat-00001
[DEBUG]   Imported:  < maven.api
[DEBUG] Populating class realm extension>com.redhat.quarkus.platform:quarkus-maven-plugin:3.15.7.redhat-00001
[DEBUG]   Included: com.redhat.quarkus.platform:quarkus-maven-plugin:jar:3.15.7.redhat-00001
[DEBUG]   Included: io.quarkus:quarkus-bootstrap-core:jar:3.15.7.redhat-00001
[DEBUG]   Included: io.quarkus:quarkus-classloader-commons:jar:3.15.7.redhat-00001
[DEBUG]   Included: io.quarkus:quarkus-bootstrap-app-model:jar:3.15.7.redhat-00001
[DEBUG]   Included: org.jboss.logging:commons-logging-jboss-logging:jar:1.0.0.Final-redhat-1
[DEBUG]   Included: io.smallrye.common:smallrye-common-io:jar:2.6.1.redhat-00001
[DEBUG]   Included: io.quarkus:quarkus-bootstrap-maven-resolver:jar:3.15.7.redhat-00001
[DEBUG]   Included: io.smallrye.beanbag:smallrye-beanbag-maven:jar:1.5.2.redhat-00001
[DEBUG]   Included: io.smallrye.beanbag:smallrye-beanbag-sisu:jar:1.5.2.redhat-00001
[DEBUG]   Included: io.smallrye.beanbag:smallrye-beanbag:jar:1.5.2.redhat-00001
[DEBUG]   Included: io.smallrye.common:smallrye-common-constraint:jar:2.6.1.redhat-00001
[DEBUG]   Included: commons-codec:commons-codec:jar:1.17.1.redhat-00002
[DEBUG]   Included: org.apache.httpcomponents:httpclient:jar:4.5.14.redhat-00016
[DEBUG]   Included: org.apache.httpcomponents:httpcore:jar:4.4.16.redhat-00011
[DEBUG]   Included: org.apache.maven:maven-builder-support:jar:3.9.8.redhat-00002
[DEBUG]   Included: org.codehaus.plexus:plexus-interpolation:jar:1.26.0.redhat-00006
[DEBUG]   Included: org.codehaus.plexus:plexus-xml:jar:4.0.1
[DEBUG]   Included: org.apache.maven:maven-xml-impl:jar:4.0.0-alpha-5
[DEBUG]   Included: org.apache.maven:maven-api-xml:jar:4.0.0-alpha-5
[DEBUG]   Included: org.apache.maven:maven-api-meta:jar:4.0.0-alpha-5
[DEBUG]   Included: org.codehaus.plexus:plexus-cipher:jar:2.0.0.redhat-00006
[DEBUG]   Included: org.codehaus.plexus:plexus-sec-dispatcher:jar:2.0.0.redhat-00005
[DEBUG]   Included: io.quarkus:quarkus-fs-util:jar:0.0.10.redhat-00001
[DEBUG]   Included: org.jboss.logmanager:jboss-logmanager:jar:3.1.1.Final-redhat-00001
[DEBUG]   Included: io.smallrye.common:smallrye-common-cpu:jar:2.6.1.redhat-00001
[DEBUG]   Included: io.smallrye.common:smallrye-common-expression:jar:2.6.1.redhat-00001
[DEBUG]   Included: io.smallrye.common:smallrye-common-function:jar:2.6.1.redhat-00001
[DEBUG]   Included: io.smallrye.common:smallrye-common-net:jar:2.6.1.redhat-00001
[DEBUG]   Included: io.smallrye.common:smallrye-common-ref:jar:2.6.1.redhat-00001
[DEBUG]   Included: org.jboss.logging:jboss-logging:jar:3.6.0.Final-redhat-00001
[DEBUG]   Included: org.apache.maven:maven-embedder:jar:3.9.8.redhat-00002
[DEBUG]   Included: org.apache.maven.shared:maven-shared-utils:jar:3.4.2
[DEBUG]   Included: com.google.inject:guice:jar:5.1.0
[DEBUG]   Included: aopalliance:aopalliance:jar:1.0
[DEBUG]   Included: com.google.guava:guava:jar:33.2.1.jre-redhat-00001
[DEBUG]   Included: com.google.guava:failureaccess:jar:1.0.1.redhat-00013
[DEBUG]   Included: commons-cli:commons-cli:jar:1.8.0
[DEBUG]   Included: io.quarkus:quarkus-core-deployment:jar:3.15.7.redhat-00001
[DEBUG]   Included: org.aesh:readline:jar:2.6.0.redhat-00001
[DEBUG]   Included: org.aesh:aesh:jar:2.8.2.redhat-00001
[DEBUG]   Included: org.apache.commons:commons-lang3:jar:3.14.0.redhat-00007
[DEBUG]   Included: org.wildfly.common:wildfly-common:jar:1.7.0.Final-redhat-00003
[DEBUG]   Included: io.quarkus.gizmo:gizmo:jar:1.8.0.redhat-00001
[DEBUG]   Included: org.ow2.asm:asm-util:jar:9.7.0.redhat-00001
[DEBUG]   Included: org.ow2.asm:asm-analysis:jar:9.7.0.redhat-00001
[DEBUG]   Included: io.smallrye:jandex:jar:3.2.3.redhat-00001
[DEBUG]   Included: org.ow2.asm:asm:jar:9.7.0.redhat-00001
[DEBUG]   Included: org.ow2.asm:asm-commons:jar:9.7.0.redhat-00001
[DEBUG]   Included: org.ow2.asm:asm-tree:jar:9.7.0.redhat-00001
[DEBUG]   Included: io.quarkus:quarkus-development-mode-spi:jar:3.15.7.redhat-00001
[DEBUG]   Included: io.quarkus:quarkus-hibernate-validator-spi:jar:3.15.7.redhat-00001
[DEBUG]   Included: io.quarkus:quarkus-class-change-agent:jar:3.15.7.redhat-00001
[DEBUG]   Included: io.quarkus:quarkus-devtools-utilities:jar:3.15.7.redhat-00001
[DEBUG]   Included: org.eclipse.sisu:org.eclipse.sisu.inject:jar:0.9.0.M3
[DEBUG]   Included: io.quarkus:quarkus-core:jar:3.15.7.redhat-00001
[DEBUG]   Included: jakarta.annotation:jakarta.annotation-api:jar:3.0.0.redhat-00003
[DEBUG]   Included: jakarta.inject:jakarta.inject-api:jar:2.0.1.redhat-00007
[DEBUG]   Included: io.smallrye.config:smallrye-config:jar:3.9.1.redhat-00001
[DEBUG]   Included: io.smallrye.config:smallrye-config-core:jar:3.9.1.redhat-00001
[DEBUG]   Included: org.eclipse.microprofile.config:microprofile-config-api:jar:3.1.0.redhat-00002
[DEBUG]   Included: io.smallrye.common:smallrye-common-annotation:jar:2.6.1.redhat-00001
[DEBUG]   Included: io.smallrye.common:smallrye-common-classloader:jar:2.6.1.redhat-00001
[DEBUG]   Included: io.smallrye.config:smallrye-config-common:jar:3.9.1.redhat-00001
[DEBUG]   Included: org.jboss.logging:jboss-logging-annotations:jar:3.0.1.Final-redhat-00001
[DEBUG]   Included: org.jboss.threads:jboss-threads:jar:3.6.1.Final-redhat-00001
[DEBUG]   Included: io.quarkus:quarkus-bootstrap-runner:jar:3.15.7.redhat-00001
[DEBUG]   Included: io.github.crac:org-crac:jar:0.1.3.redhat-00002
[DEBUG]   Included: io.quarkus:quarkus-builder:jar:3.15.7.redhat-00001
[DEBUG]   Included: org.graalvm.sdk:nativeimage:jar:23.1.2.0-3-redhat-00001
[DEBUG]   Included: org.graalvm.sdk:word:jar:23.1.2.0-3-redhat-00001
[DEBUG]   Included: org.junit.platform:junit-platform-launcher:jar:1.10.3
[DEBUG]   Included: org.junit.platform:junit-platform-engine:jar:1.10.3
[DEBUG]   Included: org.opentest4j:opentest4j:jar:1.3.0
[DEBUG]   Included: org.junit.platform:junit-platform-commons:jar:1.10.3
[DEBUG]   Included: org.apiguardian:apiguardian-api:jar:1.1.2
[DEBUG]   Included: org.junit.jupiter:junit-jupiter:jar:5.10.3
[DEBUG]   Included: org.junit.jupiter:junit-jupiter-api:jar:5.10.3
[DEBUG]   Included: org.junit.jupiter:junit-jupiter-params:jar:5.10.3
[DEBUG]   Included: org.junit.jupiter:junit-jupiter-engine:jar:5.10.3
[DEBUG]   Included: io.quarkus:quarkus-project-core-extension-codestarts:jar:3.15.7.redhat-00001
[DEBUG]   Included: io.quarkus:quarkus-devtools-common:jar:3.15.7.redhat-00001
[DEBUG]   Included: io.quarkus:quarkus-devtools-registry-client:jar:3.15.7.redhat-00001
[DEBUG]   Included: io.quarkus:quarkus-devtools-base-codestarts:jar:3.15.7.redhat-00001
[DEBUG]   Included: io.quarkus:quarkus-devtools-codestarts:jar:3.15.7.redhat-00001
[DEBUG]   Included: io.quarkus.qute:qute-core:jar:3.15.7.redhat-00001
[DEBUG]   Included: io.smallrye.reactive:mutiny:jar:2.9.4.redhat-00001
[DEBUG]   Included: org.jctools:jctools-core:jar:4.0.5.redhat-00002
[DEBUG]   Included: commons-io:commons-io:jar:2.16.1.redhat-00002
[DEBUG]   Included: org.apache.commons:commons-compress:jar:1.27.0.redhat-00002
[DEBUG]   Included: io.smallrye.common:smallrye-common-version:jar:2.6.1.redhat-00001
[DEBUG]   Included: io.smallrye.common:smallrye-common-os:jar:2.6.1.redhat-00001
[DEBUG]   Included: io.fabric8:maven-model-helper:jar:37.0.0.redhat-00003
[DEBUG]   Included: org.jdom:jdom2:jar:2.0.6.1
[DEBUG]   Included: com.fasterxml.jackson.dataformat:jackson-dataformat-yaml:jar:2.17.2.redhat-00004
[DEBUG]   Included: org.yaml:snakeyaml:jar:2.2.0.redhat-00001
[DEBUG]   Included: com.fasterxml.jackson.datatype:jackson-datatype-jdk8:jar:2.17.2.redhat-00004
[DEBUG]   Included: org.apache.maven.resolver:maven-resolver-named-locks:jar:1.9.22.redhat-00001
[DEBUG]   Included: org.codehaus.plexus:plexus-component-annotations:jar:2.1.0
[DEBUG]   Included: jakarta.enterprise:jakarta.enterprise.cdi-api:jar:4.1.0.redhat-00001
[DEBUG]   Included: jakarta.enterprise:jakarta.enterprise.lang-model:jar:4.1.0.redhat-00001
[DEBUG]   Included: jakarta.el:jakarta.el-api:jar:5.0.1.redhat-00003
[DEBUG]   Included: jakarta.interceptor:jakarta.interceptor-api:jar:2.2.0.redhat-00001
[DEBUG]   Included: org.codejive:java-properties:jar:0.0.7.redhat-00002
[DEBUG]   Included: io.quarkus:quarkus-analytics-common:jar:3.15.7.redhat-00001
[DEBUG]   Included: com.fasterxml.jackson.datatype:jackson-datatype-jsr310:jar:2.17.2.redhat-00004
[DEBUG]   Included: io.quarkus:quarkus-devtools-message-writer:jar:3.15.7.redhat-00001
[DEBUG]   Included: io.quarkus:quarkus-cyclonedx-generator:jar:3.15.7.redhat-00001
[DEBUG]   Included: org.cyclonedx:cyclonedx-core-java:jar:9.0.5.redhat-00003
[DEBUG]   Included: org.apache.commons:commons-collections4:jar:4.4.0.redhat-00003
[DEBUG]   Included: com.github.package-url:packageurl-java:jar:1.5.0.redhat-00001
[DEBUG]   Included: com.fasterxml.jackson.dataformat:jackson-dataformat-xml:jar:2.17.2.redhat-00004
[DEBUG]   Included: org.codehaus.woodstox:stax2-api:jar:4.2.2.redhat-00001
[DEBUG]   Included: com.fasterxml.woodstox:woodstox-core:jar:6.7.0
[DEBUG]   Included: com.networknt:json-schema-validator:jar:1.5.1.redhat-00001
[DEBUG]   Included: com.ethlo.time:itu:jar:1.10.2.redhat-00001
[DEBUG]   Included: org.freemarker:freemarker:jar:2.3.33
[DEBUG]   Included: org.eclipse.parsson:parsson:jar:1.1.7.redhat-00003
[DEBUG]   Included: jakarta.json:jakarta.json-api:jar:2.1.3.redhat-00002
[DEBUG]   Included: com.fasterxml.jackson.core:jackson-databind:jar:2.17.2.redhat-00004
[DEBUG]   Included: com.fasterxml.jackson.core:jackson-annotations:jar:2.17.2.redhat-00004
[DEBUG]   Included: com.fasterxml.jackson.core:jackson-core:jar:2.17.2.redhat-00004
[DEBUG]   Included: org.twdata.maven:mojo-executor:jar:2.4.0.redhat-00001
[DEBUG]   Included: org.codehaus.plexus:plexus-utils:jar:3.5.1.redhat-00002
[DEBUG]   Included: org.jboss.slf4j:slf4j-jboss-logmanager:jar:2.0.0.Final-redhat-00001
[DEBUG] Extension realms for project com.hitss:ejemplo-hitss:quarkus:1.0-SNAPSHOT: [ClassRealm[extension>com.redhat.quarkus.platform:quarkus-maven-plugin:3.15.7.redhat-00001, parent: jdk.internal.loader.ClassLoaders$AppClassLoader@c387f44]]
[DEBUG] Created new class realm project>com.hitss:ejemplo-hitss:1.0-SNAPSHOT
[DEBUG] Populating class realm project>com.hitss:ejemplo-hitss:1.0-SNAPSHOT
[DEBUG] Looking up lifecycle mappings for packaging quarkus from ClassRealm[project>com.hitss:ejemplo-hitss:1.0-SNAPSHOT, parent: ClassRealm[maven.api, parent: null]]
[ERROR] [ERROR] Some problems were encountered while processing the POMs:
[ERROR] Unknown packaging: quarkus @ line 8, column 16
[ERROR] 'dependencies.dependency.version' for io.quarkus:quarkus-junit:jar is missing. @ line 47, column 21
 @ 
[ERROR] The build could not read 1 project -> [Help 1]
org.apache.maven.project.ProjectBuildingException: Some problems were encountered while processing the POMs:
[ERROR] Unknown packaging: quarkus @ line 8, column 16
[ERROR] 'dependencies.dependency.version' for io.quarkus:quarkus-junit:jar is missing. @ line 47, column 21

    at org.apache.maven.project.DefaultProjectBuilder.build (DefaultProjectBuilder.java:389)
    at org.apache.maven.graph.DefaultGraphBuilder.collectProjects (DefaultGraphBuilder.java:351)
    at org.apache.maven.graph.DefaultGraphBuilder.getProjectsForMavenReactor (DefaultGraphBuilder.java:342)
    at org.apache.maven.graph.DefaultGraphBuilder.build (DefaultGraphBuilder.java:76)
    at org.apache.maven.DefaultMaven.buildGraph (DefaultMaven.java:448)
    at org.apache.maven.DefaultMaven.doExecute (DefaultMaven.java:197)
    at org.apache.maven.DefaultMaven.doExecute (DefaultMaven.java:173)
    at org.apache.maven.DefaultMaven.execute (DefaultMaven.java:101)
    at org.apache.maven.cli.MavenCli.execute (MavenCli.java:919)
    at org.apache.maven.cli.MavenCli.doMain (MavenCli.java:285)
    at org.apache.maven.cli.MavenCli.main (MavenCli.java:207)
    at jdk.internal.reflect.DirectMethodHandleAccessor.invoke (DirectMethodHandleAccessor.java:103)
    at java.lang.reflect.Method.invoke (Method.java:580)
    at org.codehaus.plexus.classworlds.launcher.Launcher.launchEnhanced (Launcher.java:255)
    at org.codehaus.plexus.classworlds.launcher.Launcher.launch (Launcher.java:201)
    at org.codehaus.plexus.classworlds.launcher.Launcher.mainWithExitCode (Launcher.java:362)
    at org.codehaus.plexus.classworlds.launcher.Launcher.main (Launcher.java:314)
[ERROR]   
[ERROR]   The project com.hitss:ejemplo-hitss:1.0-SNAPSHOT (/home/ubuntu/IdeaProjects/EjemploHitss/pom.xml) has 2 errors
[ERROR]     Unknown packaging: quarkus @ line 8, column 16
[ERROR]     'dependencies.dependency.version' for io.quarkus:quarkus-junit:jar is missing. @ line 47, column 21
[ERROR] 
[ERROR] 
[ERROR] For more information about the errors and possible solutions, please read the following articles:
[ERROR] [Help 1] http://cwiki.apache.org/confluence/display/MAVEN/ProjectBuildingException
[DEBUG] Shutting down adapter factory; available factories [file-lock, rwlock-local, semaphore-local, noop]; available name mappers [discriminating, file-gaecv, file-gav, file-hgaecv, file-hgav, file-static, gaecv, gav, static]
[DEBUG] Shutting down 'file-lock' factory
[DEBUG] Shutting down 'rwlock-local' factory
[DEBUG] Shutting down 'semaphore-local' factory
[DEBUG] Shutting down 'noop' factory
